*** Using Compiler 'V5.06 update 5 (build 528)', folder: 'D:\Keil_v5\ARM\ARMCC\Bin'
Build target '28-pwr-stop'
assembling startup_stm32f103xb.s...
compiling main.c...
compiling stm32f1xx_hal.c...
compiling stm32f1xx_hal_tim.c...
compiling dma.c...
compiling stm32f1xx_hal_tim_ex.c...
compiling usart.c...
compiling gpio.c...
compiling stm32f1xx_hal_gpio_ex.c...
compiling stm32f1xx_it.c...
compiling stm32f1xx_hal_msp.c...
compiling stm32f1xx_hal_rcc_ex.c...
compiling stm32f1xx_hal_rcc.c...
compiling stm32f1xx_hal_uart.c...
compiling stm32f1xx_hal_gpio.c...
compiling system_stm32f1xx.c...
compiling stm32f1xx_hal_dma.c...
compiling stm32f1xx_hal_cortex.c...
compiling stm32f1xx_hal_pwr.c...
compiling stm32f1xx_hal_flash.c...
compiling stm32f1xx_hal_exti.c...
compiling stm32f1xx_hal_flash_ex.c...
linking...
Program Size: Code=7016 RO-data=388 RW-data=28 ZI-data=1420  
FromELF: creating hex file...
"28-pwr-stop\28-pwr-stop.axf" - 0 Error(s), 0 Warning(s).
Build Time Elapsed:  00:00:04
